/*C20*/SET SCHEMA PUBLIC
DISCONNECT
/*C21*/SET SCHEMA PUBLIC
INSERT INTO CLIENTE VALUES(10,'Felipe','0901857657','82900160','Rua Teste Teste',25.0E0)
COMMIT
DISCONNECT
/*C22*/SET SCHEMA PUBLIC
DISCONNECT
/*C23*/SET SCHEMA PUBLIC
DISCONNECT
/*C24*/SET SCHEMA PUBLIC
DISCONNECT
/*C25*/SET SCHEMA PUBLIC
DELETE FROM CLIENTE WHERE ID=7
INSERT INTO CLIENTE VALUES(7,'dasdsadsa','2424242','2142424','teste',111.0E0)
COMMIT
DISCONNECT
/*C26*/SET SCHEMA PUBLIC
DISCONNECT
/*C27*/SET SCHEMA PUBLIC
DISCONNECT
/*C28*/SET SCHEMA PUBLIC
DELETE FROM CLIENTE WHERE ID=10
COMMIT
DISCONNECT
/*C29*/SET SCHEMA PUBLIC
DISCONNECT
/*C30*/SET SCHEMA PUBLIC
DISCONNECT
/*C31*/SET SCHEMA PUBLIC
INSERT INTO VENDEDOR VALUES(7,'Felipe','0901481848',2440.0E0)
COMMIT
DISCONNECT
/*C32*/SET SCHEMA PUBLIC
DISCONNECT
/*C33*/SET SCHEMA PUBLIC
DISCONNECT
/*C34*/SET SCHEMA PUBLIC
DELETE FROM VENDEDOR WHERE ID=3
INSERT INTO VENDEDOR VALUES(3,'adsadsa','242424',243.0E0)
COMMIT
DISCONNECT
/*C35*/SET SCHEMA PUBLIC
DISCONNECT
/*C36*/SET SCHEMA PUBLIC
DISCONNECT
/*C37*/SET SCHEMA PUBLIC
DELETE FROM VENDEDOR WHERE ID=3
COMMIT
DISCONNECT
/*C38*/SET SCHEMA PUBLIC
DISCONNECT
